2026/02/18 13:57:32 [notice] 1#1: using the "epoll" event method
2026/02/18 13:57:32 [notice] 1#1: nginx/1.24.0
2026/02/18 13:57:32 [notice] 1#1: built by gcc 10.2.1 20210110 (Debian 10.2.1-6) 
2026/02/18 13:57:32 [notice] 1#1: OS: Linux 6.4.16-linuxkit
2026/02/18 13:57:32 [notice] 1#1: getrlimit(RLIMIT_NOFILE): 1048576:1048576
2026/02/18 13:57:32 [notice] 1#1: start worker processes
2026/02/18 13:57:32 [notice] 1#1: start worker process 20
2026/02/18 13:57:32 [notice] 1#1: start worker process 21
2026/02/18 13:57:32 [notice] 1#1: start worker process 22
2026/02/18 13:57:32 [notice] 1#1: start worker process 23
2026/02/18 13:57:32 [notice] 1#1: start worker process 24
2026/02/18 13:57:32 [notice] 1#1: start worker process 25
2026/02/18 13:57:32 [notice] 1#1: start worker process 26
2026/02/18 13:57:32 [notice] 1#1: start worker process 27
2026/02/18 13:57:32 [notice] 1#1: start worker process 28
2026/02/18 13:57:32 [notice] 1#1: start worker process 29
2026/02/18 14:10:32 [notice] 1#1: signal 3 (SIGQUIT) received, shutting down
2026/02/18 14:10:32 [notice] 20#20: gracefully shutting down
2026/02/18 14:10:32 [notice] 21#21: gracefully shutting down
2026/02/18 14:10:32 [notice] 22#22: gracefully shutting down
2026/02/18 14:10:32 [notice] 23#23: gracefully shutting down
2026/02/18 14:10:32 [notice] 24#24: gracefully shutting down
2026/02/18 14:10:32 [notice] 26#26: gracefully shutting down
2026/02/18 14:10:32 [notice] 25#25: gracefully shutting down
2026/02/18 14:10:32 [notice] 27#27: gracefully shutting down
2026/02/18 14:10:32 [notice] 28#28: gracefully shutting down
2026/02/18 14:10:32 [notice] 29#29: gracefully shutting down
2026/02/18 14:10:32 [notice] 20#20: exiting
2026/02/18 14:10:32 [notice] 21#21: exiting
2026/02/18 14:10:32 [notice] 22#22: exiting
2026/02/18 14:10:32 [notice] 23#23: exiting
2026/02/18 14:10:32 [notice] 24#24: exiting
2026/02/18 14:10:32 [notice] 26#26: exiting
2026/02/18 14:10:32 [notice] 25#25: exiting
2026/02/18 14:10:32 [notice] 27#27: exiting
2026/02/18 14:10:32 [notice] 28#28: exiting
2026/02/18 14:10:32 [notice] 29#29: exiting
2026/02/18 14:10:32 [notice] 20#20: exit
2026/02/18 14:10:32 [notice] 21#21: exit
2026/02/18 14:10:32 [notice] 22#22: exit
2026/02/18 14:10:32 [notice] 23#23: exit
2026/02/18 14:10:32 [notice] 24#24: exit
2026/02/18 14:10:32 [notice] 26#26: exit
2026/02/18 14:10:32 [notice] 25#25: exit
2026/02/18 14:10:32 [notice] 27#27: exit
2026/02/18 14:10:32 [notice] 28#28: exit
2026/02/18 14:10:32 [notice] 29#29: exit
2026/02/18 14:10:32 [notice] 1#1: signal 17 (SIGCHLD) received from 29
2026/02/18 14:10:32 [notice] 1#1: worker process 25 exited with code 0
2026/02/18 14:10:32 [notice] 1#1: worker process 29 exited with code 0
2026/02/18 14:10:32 [notice] 1#1: signal 29 (SIGIO) received
2026/02/18 14:10:32 [notice] 1#1: signal 17 (SIGCHLD) received from 25
2026/02/18 14:10:32 [notice] 1#1: signal 17 (SIGCHLD) received from 26
2026/02/18 14:10:32 [notice] 1#1: worker process 26 exited with code 0
2026/02/18 14:10:32 [notice] 1#1: worker process 27 exited with code 0
2026/02/18 14:10:32 [notice] 1#1: worker process 24 exited with code 0
2026/02/18 14:10:32 [notice] 1#1: worker process 22 exited with code 0
2026/02/18 14:10:32 [notice] 1#1: worker process 20 exited with code 0
2026/02/18 14:10:32 [notice] 1#1: worker process 23 exited with code 0
2026/02/18 14:10:32 [notice] 1#1: worker process 21 exited with code 0
2026/02/18 14:10:32 [notice] 1#1: worker process 28 exited with code 0
2026/02/18 14:10:32 [notice] 1#1: exit
2026/02/18 14:10:33 [notice] 1#1: using the "epoll" event method
2026/02/18 14:10:33 [notice] 1#1: nginx/1.24.0
2026/02/18 14:10:33 [notice] 1#1: built by gcc 10.2.1 20210110 (Debian 10.2.1-6) 
2026/02/18 14:10:33 [notice] 1#1: OS: Linux 6.4.16-linuxkit
2026/02/18 14:10:33 [notice] 1#1: getrlimit(RLIMIT_NOFILE): 1048576:1048576
2026/02/18 14:10:33 [notice] 1#1: start worker processes
2026/02/18 14:10:33 [notice] 1#1: start worker process 20
2026/02/18 14:10:33 [notice] 1#1: start worker process 21
2026/02/18 14:10:33 [notice] 1#1: start worker process 22
2026/02/18 14:10:33 [notice] 1#1: start worker process 23
2026/02/18 14:10:33 [notice] 1#1: start worker process 24
2026/02/18 14:10:33 [notice] 1#1: start worker process 25
2026/02/18 14:10:33 [notice] 1#1: start worker process 26
2026/02/18 14:10:33 [notice] 1#1: start worker process 27
2026/02/18 14:10:33 [notice] 1#1: start worker process 28
2026/02/18 14:10:33 [notice] 1#1: start worker process 29
2026/02/18 14:35:39 [notice] 1#1: signal 3 (SIGQUIT) received, shutting down
2026/02/18 14:35:39 [notice] 20#20: gracefully shutting down
2026/02/18 14:35:39 [notice] 21#21: gracefully shutting down
2026/02/18 14:35:39 [notice] 22#22: gracefully shutting down
2026/02/18 14:35:39 [notice] 22#22: exiting
2026/02/18 14:35:39 [notice] 23#23: gracefully shutting down
2026/02/18 14:35:39 [notice] 24#24: gracefully shutting down
2026/02/18 14:35:39 [notice] 25#25: gracefully shutting down
2026/02/18 14:35:39 [notice] 26#26: gracefully shutting down
2026/02/18 14:35:39 [notice] 28#28: gracefully shutting down
2026/02/18 14:35:39 [notice] 27#27: gracefully shutting down
2026/02/18 14:35:39 [notice] 27#27: exiting
2026/02/18 14:35:39 [notice] 29#29: gracefully shutting down
2026/02/18 14:35:39 [notice] 20#20: exiting
2026/02/18 14:35:39 [notice] 21#21: exiting
2026/02/18 14:35:39 [notice] 22#22: exit
2026/02/18 14:35:39 [notice] 23#23: exiting
2026/02/18 14:35:39 [notice] 24#24: exiting
2026/02/18 14:35:39 [notice] 25#25: exiting
2026/02/18 14:35:39 [notice] 26#26: exiting
2026/02/18 14:35:39 [notice] 28#28: exiting
2026/02/18 14:35:39 [notice] 27#27: exit
2026/02/18 14:35:39 [notice] 29#29: exiting
2026/02/18 14:35:39 [notice] 20#20: exit
2026/02/18 14:35:39 [notice] 21#21: exit
2026/02/18 14:35:39 [notice] 23#23: exit
2026/02/18 14:35:39 [notice] 24#24: exit
2026/02/18 14:35:39 [notice] 25#25: exit
2026/02/18 14:35:39 [notice] 26#26: exit
2026/02/18 14:35:39 [notice] 28#28: exit
2026/02/18 14:35:39 [notice] 29#29: exit
2026/02/18 14:35:39 [notice] 1#1: signal 17 (SIGCHLD) received from 21
2026/02/18 14:35:39 [notice] 1#1: worker process 21 exited with code 0
2026/02/18 14:35:39 [notice] 1#1: signal 29 (SIGIO) received
2026/02/18 14:35:39 [notice] 1#1: signal 17 (SIGCHLD) received from 27
2026/02/18 14:35:39 [notice] 1#1: worker process 22 exited with code 0
2026/02/18 14:35:39 [notice] 1#1: worker process 23 exited with code 0
2026/02/18 14:35:39 [notice] 1#1: worker process 24 exited with code 0
2026/02/18 14:35:39 [notice] 1#1: worker process 20 exited with code 0
2026/02/18 14:35:39 [notice] 1#1: worker process 25 exited with code 0
2026/02/18 14:35:39 [notice] 1#1: worker process 26 exited with code 0
2026/02/18 14:35:39 [notice] 1#1: worker process 27 exited with code 0
2026/02/18 14:35:39 [notice] 1#1: worker process 28 exited with code 0
2026/02/18 14:35:39 [notice] 1#1: worker process 29 exited with code 0
2026/02/18 14:35:39 [notice] 1#1: exit
2026/02/18 14:36:13 [notice] 1#1: using the "epoll" event method
2026/02/18 14:36:13 [notice] 1#1: nginx/1.24.0
2026/02/18 14:36:13 [notice] 1#1: built by gcc 10.2.1 20210110 (Debian 10.2.1-6) 
2026/02/18 14:36:13 [notice] 1#1: OS: Linux 6.4.16-linuxkit
2026/02/18 14:36:13 [notice] 1#1: getrlimit(RLIMIT_NOFILE): 1048576:1048576
2026/02/18 14:36:13 [notice] 1#1: start worker processes
2026/02/18 14:36:13 [notice] 1#1: start worker process 20
2026/02/18 14:36:13 [notice] 1#1: start worker process 21
2026/02/18 14:36:13 [notice] 1#1: start worker process 22
2026/02/18 14:36:13 [notice] 1#1: start worker process 23
2026/02/18 14:36:13 [notice] 1#1: start worker process 24
2026/02/18 14:36:13 [notice] 1#1: start worker process 25
2026/02/18 14:36:13 [notice] 1#1: start worker process 26
2026/02/18 14:36:13 [notice] 1#1: start worker process 27
2026/02/18 14:36:13 [notice] 1#1: start worker process 28
2026/02/18 14:36:13 [notice] 1#1: start worker process 29
2026/02/18 14:36:19 [notice] 1#1: signal 3 (SIGQUIT) received, shutting down
2026/02/18 14:36:19 [notice] 21#21: gracefully shutting down
2026/02/18 14:36:19 [notice] 20#20: gracefully shutting down
2026/02/18 14:36:19 [notice] 20#20: exiting
2026/02/18 14:36:19 [notice] 22#22: gracefully shutting down
2026/02/18 14:36:19 [notice] 23#23: gracefully shutting down
2026/02/18 14:36:19 [notice] 24#24: gracefully shutting down
2026/02/18 14:36:19 [notice] 26#26: gracefully shutting down
2026/02/18 14:36:19 [notice] 25#25: gracefully shutting down
2026/02/18 14:36:19 [notice] 28#28: gracefully shutting down
2026/02/18 14:36:19 [notice] 27#27: gracefully shutting down
2026/02/18 14:36:19 [notice] 29#29: gracefully shutting down
2026/02/18 14:36:19 [notice] 21#21: exiting
2026/02/18 14:36:19 [notice] 20#20: exit
2026/02/18 14:36:19 [notice] 22#22: exiting
2026/02/18 14:36:19 [notice] 23#23: exiting
2026/02/18 14:36:19 [notice] 24#24: exiting
2026/02/18 14:36:19 [notice] 26#26: exiting
2026/02/18 14:36:19 [notice] 25#25: exiting
2026/02/18 14:36:19 [notice] 28#28: exiting
2026/02/18 14:36:19 [notice] 27#27: exiting
2026/02/18 14:36:19 [notice] 29#29: exiting
2026/02/18 14:36:19 [notice] 21#21: exit
2026/02/18 14:36:19 [notice] 22#22: exit
2026/02/18 14:36:19 [notice] 23#23: exit
2026/02/18 14:36:19 [notice] 24#24: exit
2026/02/18 14:36:19 [notice] 26#26: exit
2026/02/18 14:36:19 [notice] 25#25: exit
2026/02/18 14:36:19 [notice] 28#28: exit
2026/02/18 14:36:19 [notice] 27#27: exit
2026/02/18 14:36:19 [notice] 29#29: exit
2026/02/18 14:36:19 [notice] 1#1: signal 17 (SIGCHLD) received from 23
2026/02/18 14:36:19 [notice] 1#1: worker process 23 exited with code 0
2026/02/18 14:36:19 [notice] 1#1: worker process 20 exited with code 0
2026/02/18 14:36:19 [notice] 1#1: signal 29 (SIGIO) received
2026/02/18 14:36:19 [notice] 1#1: signal 17 (SIGCHLD) received from 20
2026/02/18 14:36:19 [notice] 1#1: signal 17 (SIGCHLD) received from 28
2026/02/18 14:36:19 [notice] 1#1: worker process 25 exited with code 0
2026/02/18 14:36:19 [notice] 1#1: worker process 28 exited with code 0
2026/02/18 14:36:19 [notice] 1#1: signal 29 (SIGIO) received
2026/02/18 14:36:19 [notice] 1#1: signal 17 (SIGCHLD) received from 25
2026/02/18 14:36:19 [notice] 1#1: worker process 26 exited with code 0
2026/02/18 14:36:19 [notice] 1#1: worker process 24 exited with code 0
2026/02/18 14:36:19 [notice] 1#1: worker process 27 exited with code 0
2026/02/18 14:36:19 [notice] 1#1: worker process 21 exited with code 0
2026/02/18 14:36:19 [notice] 1#1: signal 29 (SIGIO) received
2026/02/18 14:36:19 [notice] 1#1: signal 17 (SIGCHLD) received from 26
2026/02/18 14:36:19 [notice] 1#1: worker process 22 exited with code 0
2026/02/18 14:36:19 [notice] 1#1: worker process 29 exited with code 0
2026/02/18 14:36:19 [notice] 1#1: exit
2026/02/18 14:37:20 [notice] 1#1: using the "epoll" event method
2026/02/18 14:37:20 [notice] 1#1: nginx/1.24.0
2026/02/18 14:37:20 [notice] 1#1: built by gcc 10.2.1 20210110 (Debian 10.2.1-6) 
2026/02/18 14:37:20 [notice] 1#1: OS: Linux 6.4.16-linuxkit
2026/02/18 14:37:20 [notice] 1#1: getrlimit(RLIMIT_NOFILE): 1048576:1048576
2026/02/18 14:37:20 [notice] 1#1: start worker processes
2026/02/18 14:37:20 [notice] 1#1: start worker process 20
2026/02/18 14:37:20 [notice] 1#1: start worker process 21
2026/02/18 14:37:20 [notice] 1#1: start worker process 22
2026/02/18 14:37:20 [notice] 1#1: start worker process 23
2026/02/18 14:37:20 [notice] 1#1: start worker process 24
2026/02/18 14:37:20 [notice] 1#1: start worker process 25
2026/02/18 14:37:20 [notice] 1#1: start worker process 26
2026/02/18 14:37:20 [notice] 1#1: start worker process 27
2026/02/18 14:37:20 [notice] 1#1: start worker process 28
2026/02/18 14:37:20 [notice] 1#1: start worker process 29
2026/02/18 15:12:50 [notice] 1#1: signal 3 (SIGQUIT) received, shutting down
2026/02/18 15:12:50 [notice] 20#20: gracefully shutting down
2026/02/18 15:12:50 [notice] 23#23: gracefully shutting down
2026/02/18 15:12:50 [notice] 24#24: gracefully shutting down
2026/02/18 15:12:50 [notice] 28#28: gracefully shutting down
2026/02/18 15:12:50 [notice] 27#27: gracefully shutting down
2026/02/18 15:12:50 [notice] 26#26: gracefully shutting down
2026/02/18 15:12:50 [notice] 22#22: gracefully shutting down
2026/02/18 15:12:50 [notice] 29#29: gracefully shutting down
2026/02/18 15:12:50 [notice] 21#21: gracefully shutting down
2026/02/18 15:12:50 [notice] 25#25: gracefully shutting down
2026/02/18 15:12:50 [notice] 20#20: exiting
2026/02/18 15:12:50 [notice] 23#23: exiting
2026/02/18 15:12:50 [notice] 24#24: exiting
2026/02/18 15:12:50 [notice] 28#28: exiting
2026/02/18 15:12:50 [notice] 27#27: exiting
2026/02/18 15:12:50 [notice] 26#26: exiting
2026/02/18 15:12:50 [notice] 22#22: exiting
2026/02/18 15:12:50 [notice] 29#29: exiting
2026/02/18 15:12:50 [notice] 21#21: exiting
2026/02/18 15:12:50 [notice] 25#25: exiting
2026/02/18 15:12:50 [notice] 20#20: exit
2026/02/18 15:12:50 [notice] 23#23: exit
2026/02/18 15:12:50 [notice] 24#24: exit
2026/02/18 15:12:50 [notice] 28#28: exit
2026/02/18 15:12:50 [notice] 27#27: exit
2026/02/18 15:12:50 [notice] 26#26: exit
2026/02/18 15:12:50 [notice] 22#22: exit
2026/02/18 15:12:50 [notice] 29#29: exit
2026/02/18 15:12:50 [notice] 21#21: exit
2026/02/18 15:12:50 [notice] 25#25: exit
2026/02/18 15:12:50 [notice] 1#1: signal 17 (SIGCHLD) received from 28
2026/02/18 15:12:50 [notice] 1#1: worker process 27 exited with code 0
2026/02/18 15:12:50 [notice] 1#1: worker process 20 exited with code 0
2026/02/18 15:12:50 [notice] 1#1: worker process 24 exited with code 0
2026/02/18 15:12:50 [notice] 1#1: worker process 28 exited with code 0
2026/02/18 15:12:50 [notice] 1#1: signal 29 (SIGIO) received
2026/02/18 15:12:50 [notice] 1#1: signal 17 (SIGCHLD) received from 24
2026/02/18 15:12:50 [notice] 1#1: signal 17 (SIGCHLD) received from 25
2026/02/18 15:12:50 [notice] 1#1: worker process 21 exited with code 0
2026/02/18 15:12:50 [notice] 1#1: worker process 25 exited with code 0
2026/02/18 15:12:50 [notice] 1#1: signal 29 (SIGIO) received
2026/02/18 15:12:50 [notice] 1#1: signal 17 (SIGCHLD) received from 21
2026/02/18 15:12:50 [notice] 1#1: worker process 23 exited with code 0
2026/02/18 15:12:50 [notice] 1#1: worker process 26 exited with code 0
2026/02/18 15:12:50 [notice] 1#1: worker process 29 exited with code 0
2026/02/18 15:12:50 [notice] 1#1: signal 29 (SIGIO) received
2026/02/18 15:12:50 [notice] 1#1: signal 17 (SIGCHLD) received from 23
2026/02/18 15:12:50 [notice] 1#1: worker process 22 exited with code 0
2026/02/18 15:12:50 [notice] 1#1: exit
2026/02/19 10:38:21 [notice] 1#1: using the "epoll" event method
2026/02/19 10:38:21 [notice] 1#1: nginx/1.24.0
2026/02/19 10:38:21 [notice] 1#1: built by gcc 10.2.1 20210110 (Debian 10.2.1-6) 
2026/02/19 10:38:21 [notice] 1#1: OS: Linux 6.4.16-linuxkit
2026/02/19 10:38:21 [notice] 1#1: getrlimit(RLIMIT_NOFILE): 1048576:1048576
2026/02/19 10:38:21 [notice] 1#1: start worker processes
2026/02/19 10:38:21 [notice] 1#1: start worker process 20
2026/02/19 10:38:21 [notice] 1#1: start worker process 21
2026/02/19 10:38:21 [notice] 1#1: start worker process 22
2026/02/19 10:38:21 [notice] 1#1: start worker process 23
2026/02/19 10:38:21 [notice] 1#1: start worker process 24
2026/02/19 10:38:21 [notice] 1#1: start worker process 25
2026/02/19 10:38:21 [notice] 1#1: start worker process 26
2026/02/19 10:38:21 [notice] 1#1: start worker process 27
2026/02/19 10:38:21 [notice] 1#1: start worker process 28
2026/02/19 10:38:21 [notice] 1#1: start worker process 29
2026/02/19 13:43:08 [notice] 1#1: signal 3 (SIGQUIT) received, shutting down
2026/02/19 13:43:08 [notice] 20#20: gracefully shutting down
2026/02/19 13:43:08 [notice] 21#21: gracefully shutting down
2026/02/19 13:43:08 [notice] 24#24: gracefully shutting down
2026/02/19 13:43:08 [notice] 22#22: gracefully shutting down
2026/02/19 13:43:08 [notice] 23#23: gracefully shutting down
2026/02/19 13:43:08 [notice] 25#25: gracefully shutting down
2026/02/19 13:43:08 [notice] 26#26: gracefully shutting down
2026/02/19 13:43:08 [notice] 27#27: gracefully shutting down
2026/02/19 13:43:08 [notice] 28#28: gracefully shutting down
2026/02/19 13:43:08 [notice] 29#29: gracefully shutting down
2026/02/19 13:43:08 [notice] 20#20: exiting
2026/02/19 13:43:08 [notice] 21#21: exiting
2026/02/19 13:43:08 [notice] 24#24: exiting
2026/02/19 13:43:08 [notice] 22#22: exiting
2026/02/19 13:43:08 [notice] 23#23: exiting
2026/02/19 13:43:08 [notice] 25#25: exiting
2026/02/19 13:43:08 [notice] 26#26: exiting
2026/02/19 13:43:08 [notice] 27#27: exiting
2026/02/19 13:43:08 [notice] 28#28: exiting
2026/02/19 13:43:08 [notice] 29#29: exiting
2026/02/19 13:43:08 [notice] 20#20: exit
2026/02/19 13:43:08 [notice] 21#21: exit
2026/02/19 13:43:08 [notice] 24#24: exit
2026/02/19 13:43:08 [notice] 22#22: exit
2026/02/19 13:43:08 [notice] 23#23: exit
2026/02/19 13:43:08 [notice] 25#25: exit
2026/02/19 13:43:08 [notice] 26#26: exit
2026/02/19 13:43:08 [notice] 27#27: exit
2026/02/19 13:43:08 [notice] 28#28: exit
2026/02/19 13:43:08 [notice] 29#29: exit
2026/02/19 13:43:09 [notice] 1#1: signal 17 (SIGCHLD) received from 22
2026/02/19 13:43:09 [notice] 1#1: worker process 22 exited with code 0
2026/02/19 13:43:09 [notice] 1#1: signal 29 (SIGIO) received
2026/02/19 13:43:09 [notice] 1#1: signal 17 (SIGCHLD) received from 21
2026/02/19 13:43:09 [notice] 1#1: worker process 21 exited with code 0
2026/02/19 13:43:09 [notice] 1#1: signal 29 (SIGIO) received
2026/02/19 13:43:09 [notice] 1#1: signal 17 (SIGCHLD) received from 23
2026/02/19 13:43:09 [notice] 1#1: worker process 23 exited with code 0
2026/02/19 13:43:09 [notice] 1#1: worker process 25 exited with code 0
2026/02/19 13:43:09 [notice] 1#1: worker process 26 exited with code 0
2026/02/19 13:43:09 [notice] 1#1: worker process 27 exited with code 0
2026/02/19 13:43:09 [notice] 1#1: worker process 29 exited with code 0
2026/02/19 13:43:09 [notice] 1#1: signal 29 (SIGIO) received
2026/02/19 13:43:09 [notice] 1#1: signal 17 (SIGCHLD) received from 24
2026/02/19 13:43:09 [notice] 1#1: worker process 24 exited with code 0
2026/02/19 13:43:09 [notice] 1#1: worker process 28 exited with code 0
2026/02/19 13:43:09 [notice] 1#1: signal 29 (SIGIO) received
2026/02/19 13:43:09 [notice] 1#1: signal 17 (SIGCHLD) received from 28
2026/02/19 13:43:09 [notice] 1#1: worker process 20 exited with code 0
2026/02/19 13:43:09 [notice] 1#1: exit
2026/02/19 13:43:30 [notice] 1#1: using the "epoll" event method
2026/02/19 13:43:30 [notice] 1#1: nginx/1.24.0
2026/02/19 13:43:30 [notice] 1#1: built by gcc 10.2.1 20210110 (Debian 10.2.1-6) 
2026/02/19 13:43:30 [notice] 1#1: OS: Linux 6.4.16-linuxkit
2026/02/19 13:43:30 [notice] 1#1: getrlimit(RLIMIT_NOFILE): 1048576:1048576
2026/02/19 13:43:30 [notice] 1#1: start worker processes
2026/02/19 13:43:30 [notice] 1#1: start worker process 20
2026/02/19 13:43:30 [notice] 1#1: start worker process 21
2026/02/19 13:43:30 [notice] 1#1: start worker process 22
2026/02/19 13:43:30 [notice] 1#1: start worker process 23
2026/02/19 13:43:30 [notice] 1#1: start worker process 24
2026/02/19 13:43:30 [notice] 1#1: start worker process 25
2026/02/19 13:43:30 [notice] 1#1: start worker process 26
2026/02/19 13:43:30 [notice] 1#1: start worker process 27
2026/02/19 13:43:30 [notice] 1#1: start worker process 28
2026/02/19 13:43:30 [notice] 1#1: start worker process 29
2026/02/19 13:45:04 [notice] 1#1: signal 3 (SIGQUIT) received, shutting down
2026/02/19 13:45:04 [notice] 20#20: gracefully shutting down
2026/02/19 13:45:04 [notice] 22#22: gracefully shutting down
2026/02/19 13:45:04 [notice] 21#21: gracefully shutting down
2026/02/19 13:45:04 [notice] 23#23: gracefully shutting down
2026/02/19 13:45:04 [notice] 24#24: gracefully shutting down
2026/02/19 13:45:04 [notice] 25#25: gracefully shutting down
2026/02/19 13:45:04 [notice] 27#27: gracefully shutting down
2026/02/19 13:45:04 [notice] 26#26: gracefully shutting down
2026/02/19 13:45:04 [notice] 28#28: gracefully shutting down
2026/02/19 13:45:04 [notice] 29#29: gracefully shutting down
2026/02/19 13:45:04 [notice] 20#20: exiting
2026/02/19 13:45:04 [notice] 22#22: exiting
2026/02/19 13:45:04 [notice] 21#21: exiting
2026/02/19 13:45:04 [notice] 23#23: exiting
2026/02/19 13:45:04 [notice] 24#24: exiting
2026/02/19 13:45:04 [notice] 25#25: exiting
2026/02/19 13:45:04 [notice] 27#27: exiting
2026/02/19 13:45:04 [notice] 26#26: exiting
2026/02/19 13:45:04 [notice] 28#28: exiting
2026/02/19 13:45:04 [notice] 29#29: exiting
2026/02/19 13:45:04 [notice] 20#20: exit
2026/02/19 13:45:04 [notice] 22#22: exit
2026/02/19 13:45:04 [notice] 21#21: exit
2026/02/19 13:45:04 [notice] 23#23: exit
2026/02/19 13:45:04 [notice] 24#24: exit
2026/02/19 13:45:04 [notice] 25#25: exit
2026/02/19 13:45:04 [notice] 27#27: exit
2026/02/19 13:45:04 [notice] 26#26: exit
2026/02/19 13:45:04 [notice] 28#28: exit
2026/02/19 13:45:04 [notice] 29#29: exit
2026/02/19 13:45:04 [notice] 1#1: signal 17 (SIGCHLD) received from 22
2026/02/19 13:45:04 [notice] 1#1: worker process 22 exited with code 0
2026/02/19 13:45:04 [notice] 1#1: signal 29 (SIGIO) received
2026/02/19 13:45:04 [notice] 1#1: signal 17 (SIGCHLD) received from 21
2026/02/19 13:45:04 [notice] 1#1: worker process 21 exited with code 0
2026/02/19 13:45:04 [notice] 1#1: worker process 20 exited with code 0
2026/02/19 13:45:04 [notice] 1#1: worker process 27 exited with code 0
2026/02/19 13:45:04 [notice] 1#1: signal 29 (SIGIO) received
2026/02/19 13:45:04 [notice] 1#1: signal 17 (SIGCHLD) received from 20
2026/02/19 13:45:04 [notice] 1#1: worker process 26 exited with code 0
2026/02/19 13:45:04 [notice] 1#1: signal 29 (SIGIO) received
2026/02/19 13:45:04 [notice] 1#1: signal 17 (SIGCHLD) received from 26
2026/02/19 13:45:04 [notice] 1#1: worker process 25 exited with code 0
2026/02/19 13:45:04 [notice] 1#1: worker process 23 exited with code 0
2026/02/19 13:45:04 [notice] 1#1: signal 29 (SIGIO) received
2026/02/19 13:45:04 [notice] 1#1: signal 17 (SIGCHLD) received from 23
2026/02/19 13:45:04 [notice] 1#1: worker process 28 exited with code 0
2026/02/19 13:45:04 [notice] 1#1: worker process 29 exited with code 0
2026/02/19 13:45:04 [notice] 1#1: worker process 24 exited with code 0
2026/02/19 13:45:04 [notice] 1#1: exit
2026/02/19 13:46:52 [notice] 1#1: using the "epoll" event method
2026/02/19 13:46:52 [notice] 1#1: nginx/1.24.0
2026/02/19 13:46:52 [notice] 1#1: built by gcc 10.2.1 20210110 (Debian 10.2.1-6) 
2026/02/19 13:46:52 [notice] 1#1: OS: Linux 6.4.16-linuxkit
2026/02/19 13:46:52 [notice] 1#1: getrlimit(RLIMIT_NOFILE): 1048576:1048576
2026/02/19 13:46:52 [notice] 1#1: start worker processes
2026/02/19 13:46:52 [notice] 1#1: start worker process 20
2026/02/19 13:46:52 [notice] 1#1: start worker process 21
2026/02/19 13:46:52 [notice] 1#1: start worker process 22
2026/02/19 13:46:52 [notice] 1#1: start worker process 23
2026/02/19 13:46:52 [notice] 1#1: start worker process 24
2026/02/19 13:46:52 [notice] 1#1: start worker process 25
2026/02/19 13:46:52 [notice] 1#1: start worker process 26
2026/02/19 13:46:52 [notice] 1#1: start worker process 27
2026/02/19 13:46:52 [notice] 1#1: start worker process 28
2026/02/19 13:46:52 [notice] 1#1: start worker process 29
2026/02/19 13:54:32 [notice] 1#1: signal 3 (SIGQUIT) received, shutting down
2026/02/19 13:54:32 [notice] 20#20: gracefully shutting down
2026/02/19 13:54:32 [notice] 21#21: gracefully shutting down
2026/02/19 13:54:32 [notice] 22#22: gracefully shutting down
2026/02/19 13:54:32 [notice] 23#23: gracefully shutting down
2026/02/19 13:54:32 [notice] 25#25: gracefully shutting down
2026/02/19 13:54:32 [notice] 24#24: gracefully shutting down
2026/02/19 13:54:32 [notice] 26#26: gracefully shutting down
2026/02/19 13:54:32 [notice] 27#27: gracefully shutting down
2026/02/19 13:54:32 [notice] 29#29: gracefully shutting down
2026/02/19 13:54:32 [notice] 29#29: exiting
2026/02/19 13:54:32 [notice] 28#28: gracefully shutting down
2026/02/19 13:54:32 [notice] 20#20: exiting
2026/02/19 13:54:32 [notice] 21#21: exiting
2026/02/19 13:54:32 [notice] 22#22: exiting
2026/02/19 13:54:32 [notice] 23#23: exiting
2026/02/19 13:54:32 [notice] 25#25: exiting
2026/02/19 13:54:32 [notice] 24#24: exiting
2026/02/19 13:54:32 [notice] 26#26: exiting
2026/02/19 13:54:32 [notice] 27#27: exiting
2026/02/19 13:54:32 [notice] 29#29: exit
2026/02/19 13:54:32 [notice] 28#28: exiting
2026/02/19 13:54:32 [notice] 20#20: exit
2026/02/19 13:54:32 [notice] 21#21: exit
2026/02/19 13:54:32 [notice] 22#22: exit
2026/02/19 13:54:32 [notice] 23#23: exit
2026/02/19 13:54:32 [notice] 25#25: exit
2026/02/19 13:54:32 [notice] 24#24: exit
2026/02/19 13:54:32 [notice] 26#26: exit
2026/02/19 13:54:32 [notice] 27#27: exit
2026/02/19 13:54:32 [notice] 28#28: exit
2026/02/19 13:54:32 [notice] 1#1: signal 17 (SIGCHLD) received from 25
2026/02/19 13:54:32 [notice] 1#1: worker process 25 exited with code 0
2026/02/19 13:54:32 [notice] 1#1: signal 29 (SIGIO) received
2026/02/19 13:54:32 [notice] 1#1: signal 17 (SIGCHLD) received from 22
2026/02/19 13:54:32 [notice] 1#1: worker process 22 exited with code 0
2026/02/19 13:54:32 [notice] 1#1: signal 29 (SIGIO) received
2026/02/19 13:54:32 [notice] 1#1: signal 17 (SIGCHLD) received from 24
2026/02/19 13:54:32 [notice] 1#1: worker process 20 exited with code 0
2026/02/19 13:54:32 [notice] 1#1: worker process 21 exited with code 0
2026/02/19 13:54:32 [notice] 1#1: worker process 23 exited with code 0
2026/02/19 13:54:32 [notice] 1#1: worker process 24 exited with code 0
2026/02/19 13:54:32 [notice] 1#1: worker process 26 exited with code 0
2026/02/19 13:54:32 [notice] 1#1: worker process 27 exited with code 0
2026/02/19 13:54:32 [notice] 1#1: worker process 28 exited with code 0
2026/02/19 13:54:32 [notice] 1#1: worker process 29 exited with code 0
2026/02/19 13:54:32 [notice] 1#1: exit
2026/02/19 13:55:06 [notice] 1#1: using the "epoll" event method
2026/02/19 13:55:06 [notice] 1#1: nginx/1.24.0
2026/02/19 13:55:06 [notice] 1#1: built by gcc 10.2.1 20210110 (Debian 10.2.1-6) 
2026/02/19 13:55:06 [notice] 1#1: OS: Linux 6.4.16-linuxkit
2026/02/19 13:55:06 [notice] 1#1: getrlimit(RLIMIT_NOFILE): 1048576:1048576
2026/02/19 13:55:06 [notice] 1#1: start worker processes
2026/02/19 13:55:06 [notice] 1#1: start worker process 20
2026/02/19 13:55:06 [notice] 1#1: start worker process 21
2026/02/19 13:55:06 [notice] 1#1: start worker process 22
2026/02/19 13:55:06 [notice] 1#1: start worker process 23
2026/02/19 13:55:06 [notice] 1#1: start worker process 24
2026/02/19 13:55:06 [notice] 1#1: start worker process 25
2026/02/19 13:55:06 [notice] 1#1: start worker process 26
2026/02/19 13:55:06 [notice] 1#1: start worker process 27
2026/02/19 13:55:06 [notice] 1#1: start worker process 28
2026/02/19 13:55:06 [notice] 1#1: start worker process 29
